<?xml version="1.0" encoding="UTF-8"?>
<testsuites tests="1" failures="0" errors="0" skipped="0">
  <testsuite name="My Login application" timestamp="2024-03-12T15:59:57" time="7.115" tests="1" failures="0" errors="0" skipped="0">
    <properties>
      <property name="specId" value="0"/>
      <property name="suiteName" value="My Login application"/>
      <property name="capabilities" value="chrome.122_0_6261_112.windows"/>
      <property name="file" value="file:///D:/webdriverIO/Webdriverio_project_01/test/specs/test.e2e.js"/>
    </properties>
    <testcase classname="chrome.122_0_6261_112.windows.My_Login_application" name="should login with valid credentials" time="7.113">
      <system-out><![CDATA[
COMMAND: POST /session/03adfe8539b2328d484a7ac164be69da/url - {"url":"https://the-internet.herokuapp.com/login"}
RESULT: {"url":"https://the-internet.herokuapp.com/login"}
COMMAND: POST /session/03adfe8539b2328d484a7ac164be69da/element - {"using":"css selector","value":"#username"}
RESULT: {"using":"css selector","value":"#username"}
COMMAND: POST /session/03adfe8539b2328d484a7ac164be69da/element/f.020F016479D9301851C40C99C83E2FB1.d.AAB12C8F93CDF0244AF3FE872AE8BC20.e.4/clear - {}
RESULT: {}
COMMAND: POST /session/03adfe8539b2328d484a7ac164be69da/element/f.020F016479D9301851C40C99C83E2FB1.d.AAB12C8F93CDF0244AF3FE872AE8BC20.e.4/value - {"text":"tomsmith"}
RESULT: {"text":"tomsmith"}
COMMAND: POST /session/03adfe8539b2328d484a7ac164be69da/element - {"using":"css selector","value":"#password"}
RESULT: {"using":"css selector","value":"#password"}
COMMAND: POST /session/03adfe8539b2328d484a7ac164be69da/element/f.020F016479D9301851C40C99C83E2FB1.d.AAB12C8F93CDF0244AF3FE872AE8BC20.e.5/clear - {}
RESULT: {}
COMMAND: POST /session/03adfe8539b2328d484a7ac164be69da/element/f.020F016479D9301851C40C99C83E2FB1.d.AAB12C8F93CDF0244AF3FE872AE8BC20.e.5/value - {"text":"SuperSecretPassword!"}
RESULT: {"text":"SuperSecretPassword!"}
COMMAND: POST /session/03adfe8539b2328d484a7ac164be69da/element - {"using":"css selector","value":"button[type=\"submit\"]"}
RESULT: {"using":"css selector","value":"button[type=\"submit\"]"}
COMMAND: POST /session/03adfe8539b2328d484a7ac164be69da/element/f.020F016479D9301851C40C99C83E2FB1.d.AAB12C8F93CDF0244AF3FE872AE8BC20.e.6/click - {}
RESULT: {}
COMMAND: POST /session/03adfe8539b2328d484a7ac164be69da/element - {"using":"css selector","value":"#flash"}
RESULT: {"using":"css selector","value":"#flash"}
COMMAND: POST /session/03adfe8539b2328d484a7ac164be69da/elements - {"using":"css selector","value":"#flash"}
RESULT: {"using":"css selector","value":"#flash"}
COMMAND: POST /session/03adfe8539b2328d484a7ac164be69da/element - {"using":"css selector","value":"#flash"}
RESULT: {"using":"css selector","value":"#flash"}
COMMAND: GET /session/03adfe8539b2328d484a7ac164be69da/element/f.020F016479D9301851C40C99C83E2FB1.d.E8B6BF0492DBDE3DB6CD60AF671C155E.e.14/text - {}
RESULT: {}
COMMAND: DELETE /session/03adfe8539b2328d484a7ac164be69da - {}
RESULT: {}
]]></system-out>
    </testcase>
  </testsuite>
</testsuites>