<?xml version="1.0" encoding="UTF-8"?>
<testsuites tests="1" failures="0" errors="0" skipped="0">
  <testsuite name="Demo test" timestamp="2024-03-15T15:20:53" time="30.304" tests="1" failures="0" errors="0" skipped="0">
    <properties>
      <property name="specId" value="0"/>
      <property name="suiteName" value="Demo test"/>
      <property name="capabilities" value="chrome.122_0_6261_112.windows"/>
      <property name="file" value="file:///D:/webdriverIO/Webdriverio_project_01/test/specs/login.spec.js"/>
    </properties>
    <testcase classname="chrome.122_0_6261_112.windows.Demo_test" name="Login test" time="30.302">
      <system-out><![CDATA[
COMMAND: POST /session/eb39609f1b783416ad647bfe7181157b/url - {"url":"https://www.timeanddate.com/worldclock/philippines/manila"}
RESULT: {"url":"https://www.timeanddate.com/worldclock/philippines/manila"}
COMMAND: POST /session/eb39609f1b783416ad647bfe7181157b/element - {"using":"xpath","value":"//h1[normalize-space()='Current Local Time in Manila, Philippines']"}
RESULT: {"using":"xpath","value":"//h1[normalize-space()='Current Local Time in Manila, Philippines']"}
COMMAND: GET /session/eb39609f1b783416ad647bfe7181157b/element/f.CCDB2FB4830805A75DC98304AB64E8D5.d.3F3B608E8400272D5526C0500C21C2C2.e.22/text - {}
RESULT: {}
COMMAND: DELETE /session/eb39609f1b783416ad647bfe7181157b - {}
RESULT: {}
]]></system-out>
    </testcase>
  </testsuite>
</testsuites>