<?xml version="1.0" encoding="UTF-8"?>
<testsuites tests="1" failures="0" errors="0" skipped="1">
  <testsuite name="demo test" timestamp="2024-03-15T15:20:54" time="0.002" tests="1" failures="0" errors="0" skipped="1">
    <properties>
      <property name="specId" value="0"/>
      <property name="suiteName" value="demo test"/>
      <property name="capabilities" value="chrome.122_0_6261_112.windows"/>
      <property name="file" value="file:///D:/webdriverIO/Webdriverio_project_01/test/specs/test1.spec.js"/>
    </properties>
    <testcase classname="chrome.122_0_6261_112.windows.demo_test" name="my 1st test" time="0">
      <skipped/>
      <system-out><![CDATA[
COMMAND: DELETE /session/a9001503d961a5e929015d3d11f52d10 - {}
RESULT: {}
]]></system-out>
    </testcase>
  </testsuite>
</testsuites>