<?xml version="1.0" encoding="UTF-8"?>
<testsuites tests="1" failures="0" errors="0" skipped="0">
  <testsuite name="Blazemeter tests" timestamp="2024-03-16T13:36:10" time="35.997" tests="1" failures="0" errors="0" skipped="0">
    <properties>
      <property name="specId" value="0"/>
      <property name="suiteName" value="Blazemeter tests"/>
      <property name="capabilities" value="chrome.122_0_6261_112.windows"/>
      <property name="file" value="file:///D:/webdriverIO/Webdriverio_project_01/test/specs/blazemetertest.spec.js"/>
    </properties>
    <testcase classname="chrome.122_0_6261_112.windows.Blazemeter_tests" name="Web 06 Verify that Upon tapping on functional tap Welcome text should display" time="35.995">
      <system-out><![CDATA[
COMMAND: POST /session/52c4616454f0d5c33cc15ba8721d2b71/url - {"url":"https://www.blazemeter.com/product/blazemeter"}
RESULT: {"url":"https://www.blazemeter.com/product/blazemeter"}
COMMAND: POST /session/52c4616454f0d5c33cc15ba8721d2b71/window/maximize - {}
RESULT: {}
COMMAND: POST /session/52c4616454f0d5c33cc15ba8721d2b71/element - {"using":"xpath","value":"//a[@data-title='Login']"}
RESULT: {"using":"xpath","value":"//a[@data-title='Login']"}
COMMAND: POST /session/52c4616454f0d5c33cc15ba8721d2b71/element/f.C2CFC0CD18DE44D5DF5C14BB0F5CABC3.d.E1533EB9C359C6CA43CAC17E5A869489.e.62/click - {}
RESULT: {}
COMMAND: POST /session/52c4616454f0d5c33cc15ba8721d2b71/element - {"using":"xpath","value":"//div[@class='page-navigation-item page-navigation-selected-item']"}
RESULT: {"using":"xpath","value":"//div[@class='page-navigation-item page-navigation-selected-item']"}
COMMAND: POST /session/52c4616454f0d5c33cc15ba8721d2b71/element/f.C2CFC0CD18DE44D5DF5C14BB0F5CABC3.d.E9EBFFD35BD0BBE881FC0A0E9DF2ADF3.e.80/click - {}
RESULT: {}
COMMAND: POST /session/52c4616454f0d5c33cc15ba8721d2b71/element - {"using":"css selector","value":"#username"}
RESULT: {"using":"css selector","value":"#username"}
COMMAND: POST /session/52c4616454f0d5c33cc15ba8721d2b71/element/f.C2CFC0CD18DE44D5DF5C14BB0F5CABC3.d.E9EBFFD35BD0BBE881FC0A0E9DF2ADF3.e.63/clear - {}
RESULT: {}
COMMAND: POST /session/52c4616454f0d5c33cc15ba8721d2b71/element/f.C2CFC0CD18DE44D5DF5C14BB0F5CABC3.d.E9EBFFD35BD0BBE881FC0A0E9DF2ADF3.e.63/value - {"text":"noiprehideiwi-6331@yopmail.com"}
RESULT: {"text":"noiprehideiwi-6331@yopmail.com"}
COMMAND: POST /session/52c4616454f0d5c33cc15ba8721d2b71/element - {"using":"css selector","value":"#password"}
RESULT: {"using":"css selector","value":"#password"}
COMMAND: POST /session/52c4616454f0d5c33cc15ba8721d2b71/element/f.C2CFC0CD18DE44D5DF5C14BB0F5CABC3.d.E9EBFFD35BD0BBE881FC0A0E9DF2ADF3.e.65/clear - {}
RESULT: {}
COMMAND: POST /session/52c4616454f0d5c33cc15ba8721d2b71/element/f.C2CFC0CD18DE44D5DF5C14BB0F5CABC3.d.E9EBFFD35BD0BBE881FC0A0E9DF2ADF3.e.65/value - {"text":"Bubun@1245"}
RESULT: {"text":"Bubun@1245"}
COMMAND: POST /session/52c4616454f0d5c33cc15ba8721d2b71/element - {"using":"xpath","value":"//input[@id='kc-login']"}
RESULT: {"using":"xpath","value":"//input[@id='kc-login']"}
COMMAND: POST /session/52c4616454f0d5c33cc15ba8721d2b71/element/f.C2CFC0CD18DE44D5DF5C14BB0F5CABC3.d.E9EBFFD35BD0BBE881FC0A0E9DF2ADF3.e.69/click - {}
RESULT: {}
COMMAND: POST /session/52c4616454f0d5c33cc15ba8721d2b71/element - {"using":"xpath","value":"//strong[normalize-space()='Welcome!']"}
RESULT: {"using":"xpath","value":"//strong[normalize-space()='Welcome!']"}
COMMAND: POST /session/52c4616454f0d5c33cc15ba8721d2b71/execute/sync - {"script":"return (function isElementDisplayed(element) {\n    function nodeIsElement(node) {\n        if (!node) {\n            return false;\n        }\n        switch (node.nodeType) {\n            case Node.ELEMEN ... (8289 more bytes)","args":[{"element-6066-11e4-a52e-4f735466cecf":"f.C2CFC0CD18DE44D5DF5C14BB0F5CABC3.d.43D495205F128C841A05CE48EF4D475C.e.148","ELEMENT":"f.C2CFC0CD18DE44D5DF5C14BB0F5CABC3.d.43D495205F128C841A05CE48EF4D475C.e.148"}]}
RESULT: {"script":"return (function isElementDisplayed(element) {\n    function nodeIsElement(node) {\n        if (!node) {\n            return false;\n        }\n        switch (node.nodeType) {\n            case Node.ELEMEN ... (8289 more bytes)","args":[{"element-6066-11e4-a52e-4f735466cecf":"f.C2CFC0CD18DE44D5DF5C14BB0F5CABC3.d.43D495205F128C841A05CE48EF4D475C.e.148","ELEMENT":"f.C2CFC0CD18DE44D5DF5C14BB0F5CABC3.d.43D495205F128C841A05CE48EF4D475C.e.148"}]}
COMMAND: POST /session/52c4616454f0d5c33cc15ba8721d2b71/element - {"using":"xpath","value":"//span[@class='hi-balloon']"}
RESULT: {"using":"xpath","value":"//span[@class='hi-balloon']"}
COMMAND: POST /session/52c4616454f0d5c33cc15ba8721d2b71/execute/sync - {"script":"return (function isElementDisplayed(element) {\n    function nodeIsElement(node) {\n        if (!node) {\n            return false;\n        }\n        switch (node.nodeType) {\n            case Node.ELEMEN ... (8289 more bytes)","args":[{"element-6066-11e4-a52e-4f735466cecf":"f.C2CFC0CD18DE44D5DF5C14BB0F5CABC3.d.43D495205F128C841A05CE48EF4D475C.e.149","ELEMENT":"f.C2CFC0CD18DE44D5DF5C14BB0F5CABC3.d.43D495205F128C841A05CE48EF4D475C.e.149"}]}
RESULT: {"script":"return (function isElementDisplayed(element) {\n    function nodeIsElement(node) {\n        if (!node) {\n            return false;\n        }\n        switch (node.nodeType) {\n            case Node.ELEMEN ... (8289 more bytes)","args":[{"element-6066-11e4-a52e-4f735466cecf":"f.C2CFC0CD18DE44D5DF5C14BB0F5CABC3.d.43D495205F128C841A05CE48EF4D475C.e.149","ELEMENT":"f.C2CFC0CD18DE44D5DF5C14BB0F5CABC3.d.43D495205F128C841A05CE48EF4D475C.e.149"}]}
COMMAND: POST /session/52c4616454f0d5c33cc15ba8721d2b71/element - {"using":"xpath","value":"(//span[@class='description'])[1]"}
RESULT: {"using":"xpath","value":"(//span[@class='description'])[1]"}
COMMAND: GET /session/52c4616454f0d5c33cc15ba8721d2b71/element/f.C2CFC0CD18DE44D5DF5C14BB0F5CABC3.d.43D495205F128C841A05CE48EF4D475C.e.150/text - {}
RESULT: {}
COMMAND: POST /session/52c4616454f0d5c33cc15ba8721d2b71/element - {"using":"xpath","value":"(//span[@class='description'])[1]"}
RESULT: {"using":"xpath","value":"(//span[@class='description'])[1]"}
COMMAND: POST /session/52c4616454f0d5c33cc15ba8721d2b71/execute/sync - {"script":"return (function isElementDisplayed(element) {\n    function nodeIsElement(node) {\n        if (!node) {\n            return false;\n        }\n        switch (node.nodeType) {\n            case Node.ELEMEN ... (8289 more bytes)","args":[{"element-6066-11e4-a52e-4f735466cecf":"f.C2CFC0CD18DE44D5DF5C14BB0F5CABC3.d.43D495205F128C841A05CE48EF4D475C.e.150","ELEMENT":"f.C2CFC0CD18DE44D5DF5C14BB0F5CABC3.d.43D495205F128C841A05CE48EF4D475C.e.150"}]}
RESULT: {"script":"return (function isElementDisplayed(element) {\n    function nodeIsElement(node) {\n        if (!node) {\n            return false;\n        }\n        switch (node.nodeType) {\n            case Node.ELEMEN ... (8289 more bytes)","args":[{"element-6066-11e4-a52e-4f735466cecf":"f.C2CFC0CD18DE44D5DF5C14BB0F5CABC3.d.43D495205F128C841A05CE48EF4D475C.e.150","ELEMENT":"f.C2CFC0CD18DE44D5DF5C14BB0F5CABC3.d.43D495205F128C841A05CE48EF4D475C.e.150"}]}
COMMAND: DELETE /session/52c4616454f0d5c33cc15ba8721d2b71 - {}
RESULT: {}
]]></system-out>
    </testcase>
  </testsuite>
</testsuites>